2022-10-29T16:02:30.212929Z 0 [Warning] Insecure configuration for --secure-file-priv: Current value does not restrict location of generated files. Consider setting it to a valid, non-empty path.
2022-10-29T16:02:30.213768Z 0 [ERROR] Cannot open Windows EventLog; check privileges, or start server with --log_syslog=0
2022-10-29T16:02:30.213792Z 0 [Note] C:\laragon\bin\mysql\mysql-5.7.33-winx64\bin\mysqld (mysqld 5.7.33) starting as process 17724 ...
2022-10-29T16:02:30.297510Z 0 [Note] InnoDB: Mutexes and rw_locks use Windows interlocked functions
2022-10-29T16:02:30.298530Z 0 [Note] InnoDB: Uses event mutexes
2022-10-29T16:02:30.299151Z 0 [Note] InnoDB: _mm_lfence() and _mm_sfence() are used for memory barrier
2022-10-29T16:02:30.300273Z 0 [Note] InnoDB: Compressed tables use zlib 1.2.11
2022-10-29T16:02:30.372546Z 0 [Note] InnoDB: Number of pools: 1
2022-10-29T16:02:30.373624Z 0 [Note] InnoDB: Not using CPU crc32 instructions
2022-10-29T16:02:30.380239Z 0 [Note] InnoDB: Initializing buffer pool, total size = 128M, instances = 1, chunk size = 128M
2022-10-29T16:02:30.393027Z 0 [Note] InnoDB: Completed initialization of buffer pool
2022-10-29T16:02:30.690059Z 0 [Note] InnoDB: Highest supported file format is Barracuda.
2022-10-29T16:02:31.029824Z 0 [Note] InnoDB: Creating shared tablespace for temporary tables
2022-10-29T16:02:31.030966Z 0 [Note] InnoDB: Setting file '.\ibtmp1' size to 12 MB. Physically writing the file full; Please wait ...
2022-10-29T16:02:31.263770Z 0 [Note] InnoDB: File '.\ibtmp1' size is now 12 MB.
2022-10-29T16:02:31.289700Z 0 [Note] InnoDB: 96 redo rollback segment(s) found. 96 redo rollback segment(s) are active.
2022-10-29T16:02:31.291076Z 0 [Note] InnoDB: 32 non-redo rollback segment(s) are active.
2022-10-29T16:02:31.292854Z 0 [Note] InnoDB: Waiting for purge to start
2022-10-29T16:02:31.353278Z 0 [Note] InnoDB: 5.7.33 started; log sequence number 2747564
2022-10-29T16:02:31.356765Z 0 [Note] InnoDB: Loading buffer pool(s) from G:\web_local_work\mysql\ib_buffer_pool
2022-10-29T16:02:31.357018Z 0 [Note] Plugin 'FEDERATED' is disabled.
2022-10-29T16:02:31.414388Z 0 [Note] Found ca.pem, server-cert.pem and server-key.pem in data directory. Trying to enable SSL support using them.
2022-10-29T16:02:31.415730Z 0 [Note] Skipping generation of SSL certificates as certificate files are present in data directory.
2022-10-29T16:02:31.449845Z 0 [Warning] CA certificate ca.pem is self signed.
2022-10-29T16:02:31.450629Z 0 [Note] Skipping generation of RSA key pair as key files are present in data directory.
2022-10-29T16:02:31.464136Z 0 [Note] Server hostname (bind-address): '*'; port: 3306
2022-10-29T16:02:31.465147Z 0 [Note] IPv6 is available.
2022-10-29T16:02:31.465576Z 0 [Note]   - '::' resolves to '::';
2022-10-29T16:02:31.466122Z 0 [Note] Server socket created on IP: '::'.
2022-10-29T16:02:31.530191Z 0 [Note] InnoDB: Buffer pool(s) load completed at 221029 22:02:31
2022-10-29T16:02:32.433297Z 0 [Note] Event Scheduler: Loaded 0 events
2022-10-29T16:02:32.433901Z 0 [Note] C:\laragon\bin\mysql\mysql-5.7.33-winx64\bin\mysqld: ready for connections.
Version: '5.7.33'  socket: ''  port: 3306  MySQL Community Server (GPL)
2022-10-29T20:33:04.277398Z 0 [Note] C:\laragon\bin\mysql\mysql-5.7.33-winx64\bin\mysqld: Normal shutdown

2022-10-29T20:33:04.280817Z 0 [Note] Giving 1 client threads a chance to die gracefully
2022-10-29T20:33:04.281643Z 0 [Note] Shutting down slave threads
2022-10-29T20:33:04.282657Z 0 [Note] Forcefully disconnecting 0 remaining clients
2022-10-29T20:33:04.284850Z 0 [Note] Event Scheduler: Purging the queue. 0 events
2022-10-29T20:33:04.289080Z 0 [Note] Binlog end
2022-10-29T20:33:04.306951Z 0 [Note] Shutting down plugin 'ngram'
2022-10-29T20:33:04.307857Z 0 [Note] Shutting down plugin 'partition'
2022-10-29T20:33:04.308208Z 0 [Note] Shutting down plugin 'BLACKHOLE'
2022-10-29T20:33:04.309016Z 0 [Note] Shutting down plugin 'ARCHIVE'
2022-10-29T20:33:04.309332Z 0 [Note] Shutting down plugin 'PERFORMANCE_SCHEMA'
2022-10-29T20:33:04.311874Z 0 [Note] Shutting down plugin 'MRG_MYISAM'
2022-10-29T20:33:04.643759Z 0 [Note] Shutting down plugin 'MyISAM'
2022-10-29T20:33:04.645254Z 0 [Note] Shutting down plugin 'INNODB_SYS_VIRTUAL'
2022-10-29T20:33:04.646427Z 0 [Note] Shutting down plugin 'INNODB_SYS_DATAFILES'
2022-10-29T20:33:04.647245Z 0 [Note] Shutting down plugin 'INNODB_SYS_TABLESPACES'
2022-10-29T20:33:04.648049Z 0 [Note] Shutting down plugin 'INNODB_SYS_FOREIGN_COLS'
2022-10-29T20:33:04.649029Z 0 [Note] Shutting down plugin 'INNODB_SYS_FOREIGN'
2022-10-29T20:33:04.649793Z 0 [Note] Shutting down plugin 'INNODB_SYS_FIELDS'
2022-10-29T20:33:04.650551Z 0 [Note] Shutting down plugin 'INNODB_SYS_COLUMNS'
2022-10-29T20:33:04.651314Z 0 [Note] Shutting down plugin 'INNODB_SYS_INDEXES'
2022-10-29T20:33:04.652077Z 0 [Note] Shutting down plugin 'INNODB_SYS_TABLESTATS'
2022-10-29T20:33:04.652872Z 0 [Note] Shutting down plugin 'INNODB_SYS_TABLES'
2022-10-29T20:33:04.653629Z 0 [Note] Shutting down plugin 'INNODB_FT_INDEX_TABLE'
2022-10-29T20:33:04.654420Z 0 [Note] Shutting down plugin 'INNODB_FT_INDEX_CACHE'
2022-10-29T20:33:04.655211Z 0 [Note] Shutting down plugin 'INNODB_FT_CONFIG'
2022-10-29T20:33:04.656118Z 0 [Note] Shutting down plugin 'INNODB_FT_BEING_DELETED'
2022-10-29T20:33:04.657203Z 0 [Note] Shutting down plugin 'INNODB_FT_DELETED'
2022-10-29T20:33:04.657822Z 0 [Note] Shutting down plugin 'INNODB_FT_DEFAULT_STOPWORD'
2022-10-29T20:33:04.658600Z 0 [Note] Shutting down plugin 'INNODB_METRICS'
2022-10-29T20:33:04.659193Z 0 [Note] Shutting down plugin 'INNODB_TEMP_TABLE_INFO'
2022-10-29T20:33:04.659841Z 0 [Note] Shutting down plugin 'INNODB_BUFFER_POOL_STATS'
2022-10-29T20:33:04.660505Z 0 [Note] Shutting down plugin 'INNODB_BUFFER_PAGE_LRU'
2022-10-29T20:33:04.661152Z 0 [Note] Shutting down plugin 'INNODB_BUFFER_PAGE'
2022-10-29T20:33:04.661842Z 0 [Note] Shutting down plugin 'INNODB_CMP_PER_INDEX_RESET'
2022-10-29T20:33:04.662521Z 0 [Note] Shutting down plugin 'INNODB_CMP_PER_INDEX'
2022-10-29T20:33:04.663239Z 0 [Note] Shutting down plugin 'INNODB_CMPMEM_RESET'
2022-10-29T20:33:04.664068Z 0 [Note] Shutting down plugin 'INNODB_CMPMEM'
2022-10-29T20:33:04.664651Z 0 [Note] Shutting down plugin 'INNODB_CMP_RESET'
2022-10-29T20:33:04.665255Z 0 [Note] Shutting down plugin 'INNODB_CMP'
2022-10-29T20:33:04.665811Z 0 [Note] Shutting down plugin 'INNODB_LOCK_WAITS'
2022-10-29T20:33:04.666423Z 0 [Note] Shutting down plugin 'INNODB_LOCKS'
2022-10-29T20:33:04.666995Z 0 [Note] Shutting down plugin 'INNODB_TRX'
2022-10-29T20:33:04.667552Z 0 [Note] Shutting down plugin 'InnoDB'
2022-10-29T20:33:04.675079Z 0 [Note] InnoDB: FTS optimize thread exiting.
2022-10-29T20:33:04.675841Z 0 [Note] InnoDB: Starting shutdown...
2022-10-29T20:33:04.785559Z 0 [Note] InnoDB: Dumping buffer pool(s) to G:\web_local_work\mysql\ib_buffer_pool
2022-10-29T20:33:04.788484Z 0 [Note] InnoDB: Buffer pool(s) dump completed at 221030  2:33:04
2022-10-29T20:33:05.694762Z 0 [Note] InnoDB: Shutdown completed; log sequence number 2747592
2022-10-29T20:33:05.697106Z 0 [Note] InnoDB: Removed temporary tablespace data file: "ibtmp1"
2022-10-29T20:33:05.697538Z 0 [Note] Shutting down plugin 'MEMORY'
2022-10-29T20:33:05.698536Z 0 [Note] Shutting down plugin 'CSV'
2022-10-29T20:33:05.698831Z 0 [Note] Shutting down plugin 'sha256_password'
2022-10-29T20:33:05.699169Z 0 [Note] Shutting down plugin 'mysql_native_password'
2022-10-29T20:33:05.700793Z 0 [Note] Shutting down plugin 'binlog'
2022-10-29T20:33:05.702703Z 0 [Note] C:\laragon\bin\mysql\mysql-5.7.33-winx64\bin\mysqld: Shutdown complete

2022-10-30T20:19:39.178849Z 0 [Warning] Insecure configuration for --secure-file-priv: Current value does not restrict location of generated files. Consider setting it to a valid, non-empty path.
2022-10-30T20:19:39.182880Z 0 [ERROR] Cannot open Windows EventLog; check privileges, or start server with --log_syslog=0
2022-10-30T20:19:39.183125Z 0 [Note] C:\laragon\bin\mysql\mysql-5.7.33-winx64\bin\mysqld (mysqld 5.7.33) starting as process 2484 ...
2022-10-30T20:19:39.633240Z 0 [Note] InnoDB: Mutexes and rw_locks use Windows interlocked functions
2022-10-30T20:19:39.747455Z 0 [Note] InnoDB: Uses event mutexes
2022-10-30T20:19:39.747900Z 0 [Note] InnoDB: _mm_lfence() and _mm_sfence() are used for memory barrier
2022-10-30T20:19:39.748589Z 0 [Note] InnoDB: Compressed tables use zlib 1.2.11
2022-10-30T20:19:39.752926Z 0 [Note] InnoDB: Number of pools: 1
2022-10-30T20:19:39.755904Z 0 [Note] InnoDB: Not using CPU crc32 instructions
2022-10-30T20:19:39.761351Z 0 [Note] InnoDB: Initializing buffer pool, total size = 128M, instances = 1, chunk size = 128M
2022-10-30T20:19:39.777952Z 0 [Note] InnoDB: Completed initialization of buffer pool
2022-10-30T20:19:40.035557Z 0 [Note] InnoDB: Highest supported file format is Barracuda.
2022-10-30T20:19:40.554757Z 0 [Note] InnoDB: Creating shared tablespace for temporary tables
2022-10-30T20:19:40.555594Z 0 [Note] InnoDB: Setting file '.\ibtmp1' size to 12 MB. Physically writing the file full; Please wait ...
2022-10-30T20:19:40.754763Z 0 [Note] InnoDB: File '.\ibtmp1' size is now 12 MB.
2022-10-30T20:19:40.789532Z 0 [Note] InnoDB: 96 redo rollback segment(s) found. 96 redo rollback segment(s) are active.
2022-10-30T20:19:40.790817Z 0 [Note] InnoDB: 32 non-redo rollback segment(s) are active.
2022-10-30T20:19:40.791755Z 0 [Note] InnoDB: Waiting for purge to start
2022-10-30T20:19:40.850702Z 0 [Note] InnoDB: 5.7.33 started; log sequence number 2747592
2022-10-30T20:19:40.854036Z 0 [Note] InnoDB: Loading buffer pool(s) from G:\web_local_work\mysql\ib_buffer_pool
2022-10-30T20:19:40.860332Z 0 [Note] Plugin 'FEDERATED' is disabled.
2022-10-30T20:19:41.072299Z 0 [Note] InnoDB: Buffer pool(s) load completed at 221031  2:19:41
2022-10-30T20:19:41.109617Z 0 [Note] Found ca.pem, server-cert.pem and server-key.pem in data directory. Trying to enable SSL support using them.
2022-10-30T20:19:41.110275Z 0 [Note] Skipping generation of SSL certificates as certificate files are present in data directory.
2022-10-30T20:19:41.147140Z 0 [Warning] CA certificate ca.pem is self signed.
2022-10-30T20:19:41.148218Z 0 [Note] Skipping generation of RSA key pair as key files are present in data directory.
2022-10-30T20:19:41.162879Z 0 [Note] Server hostname (bind-address): '*'; port: 3306
2022-10-30T20:19:41.163533Z 0 [Note] IPv6 is available.
2022-10-30T20:19:41.163834Z 0 [Note]   - '::' resolves to '::';
2022-10-30T20:19:41.164175Z 0 [Note] Server socket created on IP: '::'.
2022-10-30T20:19:42.555089Z 0 [Note] Event Scheduler: Loaded 0 events
2022-10-30T20:19:42.555579Z 0 [Note] C:\laragon\bin\mysql\mysql-5.7.33-winx64\bin\mysqld: ready for connections.
Version: '5.7.33'  socket: ''  port: 3306  MySQL Community Server (GPL)
2022-10-31T06:05:45.307166Z 0 [Warning] Insecure configuration for --secure-file-priv: Current value does not restrict location of generated files. Consider setting it to a valid, non-empty path.
2022-10-31T06:05:45.315471Z 0 [ERROR] Cannot open Windows EventLog; check privileges, or start server with --log_syslog=0
2022-10-31T06:05:45.315697Z 0 [Note] C:\laragon\bin\mysql\mysql-5.7.33-winx64\bin\mysqld (mysqld 5.7.33) starting as process 5376 ...
2022-10-31T06:05:45.418191Z 0 [Note] InnoDB: Mutexes and rw_locks use Windows interlocked functions
2022-10-31T06:05:45.419293Z 0 [Note] InnoDB: Uses event mutexes
2022-10-31T06:05:45.419978Z 0 [Note] InnoDB: _mm_lfence() and _mm_sfence() are used for memory barrier
2022-10-31T06:05:45.421064Z 0 [Note] InnoDB: Compressed tables use zlib 1.2.11
2022-10-31T06:05:45.430019Z 0 [Note] InnoDB: Number of pools: 1
2022-10-31T06:05:45.433724Z 0 [Note] InnoDB: Not using CPU crc32 instructions
2022-10-31T06:05:45.443723Z 0 [Note] InnoDB: Initializing buffer pool, total size = 128M, instances = 1, chunk size = 128M
2022-10-31T06:05:45.462526Z 0 [Note] InnoDB: Completed initialization of buffer pool
2022-10-31T06:05:45.688273Z 0 [Note] InnoDB: Highest supported file format is Barracuda.
2022-10-31T06:05:45.692348Z 0 [Note] InnoDB: Log scan progressed past the checkpoint lsn 2747611
2022-10-31T06:05:45.692978Z 0 [Note] InnoDB: Doing recovery: scanned up to log sequence number 2747620
2022-10-31T06:05:45.705261Z 0 [Note] InnoDB: Database was not shutdown normally!
2022-10-31T06:05:45.705697Z 0 [Note] InnoDB: Starting crash recovery.
2022-10-31T06:05:46.068729Z 0 [Note] InnoDB: Removed temporary tablespace data file: "ibtmp1"
2022-10-31T06:05:46.069354Z 0 [Note] InnoDB: Creating shared tablespace for temporary tables
2022-10-31T06:05:46.070295Z 0 [Note] InnoDB: Setting file '.\ibtmp1' size to 12 MB. Physically writing the file full; Please wait ...
2022-10-31T06:05:46.280763Z 0 [Note] InnoDB: File '.\ibtmp1' size is now 12 MB.
2022-10-31T06:05:46.336079Z 0 [Note] InnoDB: 96 redo rollback segment(s) found. 96 redo rollback segment(s) are active.
2022-10-31T06:05:46.338355Z 0 [Note] InnoDB: 32 non-redo rollback segment(s) are active.
2022-10-31T06:05:46.341537Z 0 [Note] InnoDB: Waiting for purge to start
2022-10-31T06:05:46.401921Z 0 [Note] InnoDB: 5.7.33 started; log sequence number 2747620
2022-10-31T06:05:46.404583Z 0 [Note] InnoDB: Loading buffer pool(s) from G:\web_local_work\mysql\ib_buffer_pool
2022-10-31T06:05:46.406904Z 0 [Note] Plugin 'FEDERATED' is disabled.
2022-10-31T06:05:46.437459Z 0 [Note] InnoDB: Buffer pool(s) load completed at 221031 12:05:46
2022-10-31T06:05:46.491097Z 0 [Note] Found ca.pem, server-cert.pem and server-key.pem in data directory. Trying to enable SSL support using them.
2022-10-31T06:05:46.492493Z 0 [Note] Skipping generation of SSL certificates as certificate files are present in data directory.
2022-10-31T06:05:46.524616Z 0 [Warning] CA certificate ca.pem is self signed.
2022-10-31T06:05:46.525699Z 0 [Note] Skipping generation of RSA key pair as key files are present in data directory.
2022-10-31T06:05:46.548399Z 0 [Note] Server hostname (bind-address): '*'; port: 3306
2022-10-31T06:05:46.549015Z 0 [Note] IPv6 is available.
2022-10-31T06:05:46.549291Z 0 [Note]   - '::' resolves to '::';
2022-10-31T06:05:46.549648Z 0 [Note] Server socket created on IP: '::'.
2022-10-31T06:05:47.729878Z 0 [Note] Event Scheduler: Loaded 0 events
2022-10-31T06:05:47.730548Z 0 [Note] C:\laragon\bin\mysql\mysql-5.7.33-winx64\bin\mysqld: ready for connections.
Version: '5.7.33'  socket: ''  port: 3306  MySQL Community Server (GPL)
2022-11-05T09:19:30.110452Z 0 [Warning] Insecure configuration for --secure-file-priv: Current value does not restrict location of generated files. Consider setting it to a valid, non-empty path.
2022-11-05T09:19:30.115241Z 0 [ERROR] Cannot open Windows EventLog; check privileges, or start server with --log_syslog=0
2022-11-05T09:19:30.115443Z 0 [Note] C:\laragon\bin\mysql\mysql-5.7.33-winx64\bin\mysqld (mysqld 5.7.33) starting as process 10164 ...
2022-11-05T09:19:30.271337Z 0 [Note] InnoDB: Mutexes and rw_locks use Windows interlocked functions
2022-11-05T09:19:30.271817Z 0 [Note] InnoDB: Uses event mutexes
2022-11-05T09:19:30.272108Z 0 [Note] InnoDB: _mm_lfence() and _mm_sfence() are used for memory barrier
2022-11-05T09:19:30.272582Z 0 [Note] InnoDB: Compressed tables use zlib 1.2.11
2022-11-05T09:19:30.277565Z 0 [Note] InnoDB: Number of pools: 1
2022-11-05T09:19:30.280736Z 0 [Note] InnoDB: Not using CPU crc32 instructions
2022-11-05T09:19:30.286265Z 0 [Note] InnoDB: Initializing buffer pool, total size = 128M, instances = 1, chunk size = 128M
2022-11-05T09:19:30.293376Z 0 [Note] InnoDB: Completed initialization of buffer pool
2022-11-05T09:19:30.360318Z 0 [Note] InnoDB: Highest supported file format is Barracuda.
2022-11-05T09:19:30.368705Z 0 [Note] InnoDB: Log scan progressed past the checkpoint lsn 2747648
2022-11-05T09:19:30.371288Z 0 [Note] InnoDB: Doing recovery: scanned up to log sequence number 2747657
2022-11-05T09:19:30.373436Z 0 [Note] InnoDB: Database was not shutdown normally!
2022-11-05T09:19:30.374726Z 0 [Note] InnoDB: Starting crash recovery.
2022-11-05T09:19:30.647981Z 0 [Note] InnoDB: Removed temporary tablespace data file: "ibtmp1"
2022-11-05T09:19:30.648482Z 0 [Note] InnoDB: Creating shared tablespace for temporary tables
2022-11-05T09:19:30.665657Z 0 [Note] InnoDB: Setting file '.\ibtmp1' size to 12 MB. Physically writing the file full; Please wait ...
2022-11-05T09:19:30.929970Z 0 [Note] InnoDB: File '.\ibtmp1' size is now 12 MB.
2022-11-05T09:19:30.993289Z 0 [Note] InnoDB: 96 redo rollback segment(s) found. 96 redo rollback segment(s) are active.
2022-11-05T09:19:30.994518Z 0 [Note] InnoDB: 32 non-redo rollback segment(s) are active.
2022-11-05T09:19:30.995723Z 0 [Note] InnoDB: Waiting for purge to start
2022-11-05T09:19:31.054419Z 0 [Note] InnoDB: 5.7.33 started; log sequence number 2747657
2022-11-05T09:19:31.056621Z 0 [Note] InnoDB: Loading buffer pool(s) from G:\web_local_work\mysql\ib_buffer_pool
2022-11-05T09:19:31.057647Z 0 [Note] Plugin 'FEDERATED' is disabled.
2022-11-05T09:19:31.217799Z 0 [Note] Found ca.pem, server-cert.pem and server-key.pem in data directory. Trying to enable SSL support using them.
2022-11-05T09:19:31.219724Z 0 [Note] Skipping generation of SSL certificates as certificate files are present in data directory.
2022-11-05T09:19:31.236299Z 0 [Note] InnoDB: Buffer pool(s) load completed at 221105 15:19:31
2022-11-05T09:19:31.238522Z 0 [Warning] CA certificate ca.pem is self signed.
2022-11-05T09:19:31.240050Z 0 [Note] Skipping generation of RSA key pair as key files are present in data directory.
2022-11-05T09:19:31.243314Z 0 [Note] Server hostname (bind-address): '*'; port: 3306
2022-11-05T09:19:31.244929Z 0 [Note] IPv6 is available.
2022-11-05T09:19:31.245646Z 0 [Note]   - '::' resolves to '::';
2022-11-05T09:19:31.246531Z 0 [Note] Server socket created on IP: '::'.
2022-11-05T09:19:31.603500Z 0 [Note] Event Scheduler: Loaded 0 events
2022-11-05T09:19:31.604660Z 0 [Note] C:\laragon\bin\mysql\mysql-5.7.33-winx64\bin\mysqld: ready for connections.
Version: '5.7.33'  socket: ''  port: 3306  MySQL Community Server (GPL)
2022-11-05T09:21:13.705363Z 2 [Note] Unknown database 'userdata'
2022-11-05T17:14:45.021420Z 0 [Warning] Insecure configuration for --secure-file-priv: Current value does not restrict location of generated files. Consider setting it to a valid, non-empty path.
2022-11-05T17:14:45.028936Z 0 [ERROR] Cannot open Windows EventLog; check privileges, or start server with --log_syslog=0
2022-11-05T17:14:45.029292Z 0 [Note] C:\laragon\bin\mysql\mysql-5.7.33-winx64\bin\mysqld (mysqld 5.7.33) starting as process 4948 ...
2022-11-05T17:14:45.239793Z 0 [Note] InnoDB: Mutexes and rw_locks use Windows interlocked functions
2022-11-05T17:14:45.240779Z 0 [Note] InnoDB: Uses event mutexes
2022-11-05T17:14:45.241935Z 0 [Note] InnoDB: _mm_lfence() and _mm_sfence() are used for memory barrier
2022-11-05T17:14:45.242415Z 0 [Note] InnoDB: Compressed tables use zlib 1.2.11
2022-11-05T17:14:45.250386Z 0 [Note] InnoDB: Number of pools: 1
2022-11-05T17:14:45.254450Z 0 [Note] InnoDB: Not using CPU crc32 instructions
2022-11-05T17:14:45.267524Z 0 [Note] InnoDB: Initializing buffer pool, total size = 128M, instances = 1, chunk size = 128M
2022-11-05T17:14:45.283984Z 0 [Note] InnoDB: Completed initialization of buffer pool
2022-11-05T17:14:45.487107Z 0 [Note] InnoDB: Highest supported file format is Barracuda.
2022-11-05T17:14:45.525908Z 0 [Note] InnoDB: Log scan progressed past the checkpoint lsn 2747685
2022-11-05T17:14:45.526588Z 0 [Note] InnoDB: Doing recovery: scanned up to log sequence number 2747694
2022-11-05T17:14:45.527707Z 0 [Note] InnoDB: Database was not shutdown normally!
2022-11-05T17:14:45.528121Z 0 [Note] InnoDB: Starting crash recovery.
2022-11-05T17:14:46.548871Z 0 [Note] InnoDB: Removed temporary tablespace data file: "ibtmp1"
2022-11-05T17:14:46.549574Z 0 [Note] InnoDB: Creating shared tablespace for temporary tables
2022-11-05T17:14:46.550943Z 0 [Note] InnoDB: Setting file '.\ibtmp1' size to 12 MB. Physically writing the file full; Please wait ...
2022-11-05T17:14:46.822101Z 0 [Note] InnoDB: File '.\ibtmp1' size is now 12 MB.
2022-11-05T17:14:47.012200Z 0 [Note] InnoDB: 96 redo rollback segment(s) found. 96 redo rollback segment(s) are active.
2022-11-05T17:14:47.013234Z 0 [Note] InnoDB: 32 non-redo rollback segment(s) are active.
2022-11-05T17:14:47.014961Z 0 [Note] InnoDB: Waiting for purge to start
2022-11-05T17:14:47.110038Z 0 [Note] InnoDB: 5.7.33 started; log sequence number 2747694
2022-11-05T17:14:47.118568Z 0 [Note] InnoDB: Loading buffer pool(s) from G:\web_local_work\mysql\ib_buffer_pool
2022-11-05T17:14:47.119362Z 0 [Note] Plugin 'FEDERATED' is disabled.
2022-11-05T17:14:47.453494Z 0 [Note] InnoDB: Buffer pool(s) load completed at 221105 23:14:47
2022-11-05T17:14:47.526086Z 0 [Note] Found ca.pem, server-cert.pem and server-key.pem in data directory. Trying to enable SSL support using them.
2022-11-05T17:14:47.529415Z 0 [Note] Skipping generation of SSL certificates as certificate files are present in data directory.
2022-11-05T17:14:47.604143Z 0 [Warning] CA certificate ca.pem is self signed.
2022-11-05T17:14:47.604974Z 0 [Note] Skipping generation of RSA key pair as key files are present in data directory.
2022-11-05T17:14:47.627852Z 0 [Note] Server hostname (bind-address): '*'; port: 3306
2022-11-05T17:14:47.629265Z 0 [Note] IPv6 is available.
2022-11-05T17:14:47.629743Z 0 [Note]   - '::' resolves to '::';
2022-11-05T17:14:47.630283Z 0 [Note] Server socket created on IP: '::'.
2022-11-05T17:14:49.937059Z 0 [Note] Event Scheduler: Loaded 0 events
2022-11-05T17:14:49.937746Z 0 [Note] C:\laragon\bin\mysql\mysql-5.7.33-winx64\bin\mysqld: ready for connections.
Version: '5.7.33'  socket: ''  port: 3306  MySQL Community Server (GPL)
2022-11-06T06:01:34.585006Z 0 [Warning] Insecure configuration for --secure-file-priv: Current value does not restrict location of generated files. Consider setting it to a valid, non-empty path.
2022-11-06T06:01:34.585665Z 0 [ERROR] Cannot open Windows EventLog; check privileges, or start server with --log_syslog=0
2022-11-06T06:01:34.585700Z 0 [Note] C:\laragon\bin\mysql\mysql-5.7.33-winx64\bin\mysqld (mysqld 5.7.33) starting as process 11100 ...
2022-11-06T06:01:34.644629Z 0 [Note] InnoDB: Mutexes and rw_locks use Windows interlocked functions
2022-11-06T06:01:34.645135Z 0 [Note] InnoDB: Uses event mutexes
2022-11-06T06:01:34.645470Z 0 [Note] InnoDB: _mm_lfence() and _mm_sfence() are used for memory barrier
2022-11-06T06:01:34.645946Z 0 [Note] InnoDB: Compressed tables use zlib 1.2.11
2022-11-06T06:01:34.646667Z 0 [Note] InnoDB: Number of pools: 1
2022-11-06T06:01:34.647089Z 0 [Note] InnoDB: Not using CPU crc32 instructions
2022-11-06T06:01:34.651045Z 0 [Note] InnoDB: Initializing buffer pool, total size = 128M, instances = 1, chunk size = 128M
2022-11-06T06:01:34.657924Z 0 [Note] InnoDB: Completed initialization of buffer pool
2022-11-06T06:01:34.781508Z 0 [Note] InnoDB: Highest supported file format is Barracuda.
2022-11-06T06:01:34.798592Z 0 [Note] InnoDB: Log scan progressed past the checkpoint lsn 2747713
2022-11-06T06:01:34.799068Z 0 [Note] InnoDB: Doing recovery: scanned up to log sequence number 2747722
2022-11-06T06:01:34.799557Z 0 [Note] InnoDB: Database was not shutdown normally!
2022-11-06T06:01:34.799933Z 0 [Note] InnoDB: Starting crash recovery.
2022-11-06T06:01:36.035356Z 0 [Note] InnoDB: Removed temporary tablespace data file: "ibtmp1"
2022-11-06T06:01:36.035813Z 0 [Note] InnoDB: Creating shared tablespace for temporary tables
2022-11-06T06:01:36.036604Z 0 [Note] InnoDB: Setting file '.\ibtmp1' size to 12 MB. Physically writing the file full; Please wait ...
2022-11-06T06:01:36.232221Z 0 [Note] InnoDB: File '.\ibtmp1' size is now 12 MB.
2022-11-06T06:01:36.340867Z 0 [Note] InnoDB: 96 redo rollback segment(s) found. 96 redo rollback segment(s) are active.
2022-11-06T06:01:36.341601Z 0 [Note] InnoDB: 32 non-redo rollback segment(s) are active.
2022-11-06T06:01:36.342510Z 0 [Note] InnoDB: Waiting for purge to start
2022-11-06T06:01:36.415127Z 0 [Note] InnoDB: 5.7.33 started; log sequence number 2747722
2022-11-06T06:01:36.416558Z 0 [Note] Plugin 'FEDERATED' is disabled.
2022-11-06T06:01:36.416792Z 0 [Note] InnoDB: Loading buffer pool(s) from G:\web_local_work\mysql\ib_buffer_pool
2022-11-06T06:01:36.588295Z 0 [Note] Found ca.pem, server-cert.pem and server-key.pem in data directory. Trying to enable SSL support using them.
2022-11-06T06:01:36.589064Z 0 [Note] Skipping generation of SSL certificates as certificate files are present in data directory.
2022-11-06T06:01:36.599979Z 0 [Note] InnoDB: Buffer pool(s) load completed at 221106 12:01:36
2022-11-06T06:01:36.604839Z 0 [Warning] CA certificate ca.pem is self signed.
2022-11-06T06:01:36.605291Z 0 [Note] Skipping generation of RSA key pair as key files are present in data directory.
2022-11-06T06:01:36.613765Z 0 [Note] Server hostname (bind-address): '*'; port: 3306
2022-11-06T06:01:36.614361Z 0 [Note] IPv6 is available.
2022-11-06T06:01:36.614649Z 0 [Note]   - '::' resolves to '::';
2022-11-06T06:01:36.614981Z 0 [Note] Server socket created on IP: '::'.
2022-11-06T06:01:37.430585Z 0 [Note] Event Scheduler: Loaded 0 events
2022-11-06T06:01:37.431062Z 0 [Note] C:\laragon\bin\mysql\mysql-5.7.33-winx64\bin\mysqld: ready for connections.
Version: '5.7.33'  socket: ''  port: 3306  MySQL Community Server (GPL)
